<?xml version="1.0" encoding="UTF-8"?>
<!-- Generated by org.testng.reporters.JUnitXMLReporter -->
<testsuite ignored="5" hostname="Subodh-PC" failures="0" tests="1" name="PriorityExecutionOrderTest2" time="0.057" errors="0" timestamp="2024-03-27T08:25:13 PDT">
  <testcase classname="com.web.test.testcases.PriorityExecutionOrder" name="test3" time="0.015"/>
  <testcase classname="com.web.test.testcases.PriorityExecutionOrder" name="test1" time="0.0">
    <ignored/>
  </testcase> <!-- test1 -->
  <testcase classname="com.web.test.testcases.PriorityExecutionOrder" name="test6" time="0.0">
    <ignored/>
  </testcase> <!-- test6 -->
  <testcase classname="com.web.test.testcases.PriorityExecutionOrder" name="test2" time="0.0">
    <ignored/>
  </testcase> <!-- test2 -->
  <testcase classname="com.web.test.testcases.PriorityExecutionOrder" name="test5" time="0.0">
    <ignored/>
  </testcase> <!-- test5 -->
  <testcase classname="com.web.test.testcases.PriorityExecutionOrder" name="test4" time="0.0">
    <ignored/>
  </testcase> <!-- test4 -->
</testsuite> <!-- PriorityExecutionOrderTest2 -->
