<?xml version="1.0" encoding="UTF-8"?>
<!-- Generated by org.testng.reporters.JUnitXMLReporter -->
<testsuite hostname="Subodh-PC" ignored="0" name="Test1" tests="3" failures="0" timestamp="2023-02-01T11:03:26 PST" time="0.165" errors="0">
  <testcase name="login" time="0.028" classname="MyFirstTestNGPackage.MyFirstTestNGScript"/>
  <testcase name="browsePage" time="0.002" classname="MyFirstTestNGPackage.MyFirstTestNGScript"/>
  <testcase name="logout" time="0.005" classname="MyFirstTestNGPackage.MyFirstTestNGScript"/>
</testsuite> <!-- Test1 -->
