<?xml version="1.0" encoding="UTF-8"?>
<!-- Generated by org.testng.reporters.JUnitXMLReporter -->
<testsuite ignored="1" hostname="Subodh-PC" failures="0" tests="1" name="Testone" time="11.405" errors="0" timestamp="2024-03-31T18:58:33 PDT">
  <testcase classname="com.web.test.testcases.GetBrowserValFromSysEnv2" name="firstTest" time="0.388"/>
  <testcase classname="com.web.test.testcases.GetBrowserValFromSysEnv" name="firstTest" time="0.0">
    <ignored/>
  </testcase> <!-- firstTest -->
</testsuite> <!-- Testone -->
