<?xml version="1.0" encoding="UTF-8"?>
<testng-results ignored="2" total="4" passed="2" failed="0" skipped="0">
  <reporter-output>
    <line>
      <![CDATA[Inside the BeforeSuite i.e. setupSuite.]]>
    </line>
    <line>
      <![CDATA[All the setup done.]]>
    </line>
    <line>
      <![CDATA[Inside the BeforeSuite i.e. setupSuite.]]>
    </line>
    <line>
      <![CDATA[All the setup done.]]>
    </line>
  </reporter-output>
  <suite started-at="2024-03-31T14:50:55Z" name="MyFirstSuite (0)" finished-at="2024-03-31T14:51:12Z" duration-ms="16800">
    <groups>
      <group name="Regression">
        <method signature="GetBrowserValFromSysEnv2.firstTest()[pri:0, instance:com.web.test.testcases.GetBrowserValFromSysEnv2@727eb8cb]" name="firstTest" class="com.web.test.testcases.GetBrowserValFromSysEnv2"/>
      </group> <!-- Regression -->
    </groups>
    <test started-at="2024-03-31T14:50:55Z" name="Testone" finished-at="2024-03-31T14:51:12Z" duration-ms="16800">
      <class name="com.web.test.testcases.GetBrowserValFromSysEnv2">
        <test-method is-config="true" signature="setupSuite()[pri:0, instance:com.web.test.testcases.GetBrowserValFromSysEnv2@727eb8cb]" started-at="2024-03-31T14:50:55Z" name="setupSuite" finished-at="2024-03-31T14:50:55Z" duration-ms="5" status="PASS">
          <reporter-output>
            <line>
              <![CDATA[Inside the BeforeSuite i.e. setupSuite.]]>
            </line>
            <line>
              <![CDATA[All the setup done.]]>
            </line>
          </reporter-output>
        </test-method> <!-- setupSuite -->
        <test-method is-config="true" signature="startApp(java.lang.String, java.lang.String)[pri:0, instance:com.web.test.testcases.GetBrowserValFromSysEnv2@727eb8cb]" started-at="2024-03-31T14:50:55Z" name="startApp" finished-at="2024-03-31T14:51:09Z" duration-ms="13872" status="PASS">
          <params>
            <param index="0">
              <value>
                <![CDATA[chrome]]>
              </value>
            </param>
            <param index="1">
              <value>
                <![CDATA[http://google.com]]>
              </value>
            </param>
          </params>
          <reporter-output>
          </reporter-output>
        </test-method> <!-- startApp -->
        <test-method signature="firstTest()[pri:0, instance:com.web.test.testcases.GetBrowserValFromSysEnv2@727eb8cb]" started-at="2024-03-31T14:51:09Z" name="firstTest" finished-at="2024-03-31T14:51:09Z" duration-ms="321" status="PASS">
          <reporter-output>
          </reporter-output>
        </test-method> <!-- firstTest -->
        <test-method is-config="true" signature="captureScreenshot(org.testng.ITestResult)[pri:0, instance:com.web.test.testcases.GetBrowserValFromSysEnv2@727eb8cb]" started-at="2024-03-31T14:51:09Z" name="captureScreenshot" finished-at="2024-03-31T14:51:10Z" duration-ms="726" status="PASS">
          <params>
            <param index="0">
              <value>
                <![CDATA[[TestResult name=firstTest status=SUCCESS method=GetBrowserValFromSysEnv2.firstTest()[pri:0, instance:com.web.test.testcases.GetBrowserValFromSysEnv2@727eb8cb] output={null}]]]>
              </value>
            </param>
          </params>
          <reporter-output>
          </reporter-output>
        </test-method> <!-- captureScreenshot -->
        <test-method is-config="true" signature="quitBrowser()[pri:0, instance:com.web.test.testcases.GetBrowserValFromSysEnv2@727eb8cb]" started-at="2024-03-31T14:51:10Z" name="quitBrowser" finished-at="2024-03-31T14:51:12Z" duration-ms="1869" status="PASS">
          <reporter-output>
          </reporter-output>
        </test-method> <!-- quitBrowser -->
      </class> <!-- com.web.test.testcases.GetBrowserValFromSysEnv2 -->
    </test> <!-- Testone -->
  </suite> <!-- MyFirstSuite (0) -->
  <suite started-at="2024-03-31T14:50:37Z" name="MyFirstSuite" finished-at="2024-03-31T14:50:55Z" duration-ms="18014">
    <groups>
      <group name="Regression">
        <method signature="GetBrowserValFromSysEnv2.firstTest()[pri:0, instance:com.web.test.testcases.GetBrowserValFromSysEnv2@6cdba6dc]" name="firstTest" class="com.web.test.testcases.GetBrowserValFromSysEnv2"/>
      </group> <!-- Regression -->
    </groups>
    <test started-at="2024-03-31T14:50:37Z" name="Testone" finished-at="2024-03-31T14:50:55Z" duration-ms="18014">
      <class name="com.web.test.testcases.GetBrowserValFromSysEnv2">
        <test-method is-config="true" signature="setupSuite()[pri:0, instance:com.web.test.testcases.GetBrowserValFromSysEnv2@6cdba6dc]" started-at="2024-03-31T14:50:37Z" name="setupSuite" finished-at="2024-03-31T14:50:38Z" duration-ms="535" status="PASS">
          <reporter-output>
            <line>
              <![CDATA[Inside the BeforeSuite i.e. setupSuite.]]>
            </line>
            <line>
              <![CDATA[All the setup done.]]>
            </line>
          </reporter-output>
        </test-method> <!-- setupSuite -->
        <test-method is-config="true" signature="startApp(java.lang.String, java.lang.String)[pri:0, instance:com.web.test.testcases.GetBrowserValFromSysEnv2@6cdba6dc]" started-at="2024-03-31T14:50:38Z" name="startApp" finished-at="2024-03-31T14:50:52Z" duration-ms="14808" status="PASS">
          <params>
            <param index="0">
              <value>
                <![CDATA[chrome]]>
              </value>
            </param>
            <param index="1">
              <value>
                <![CDATA[http://google.com]]>
              </value>
            </param>
          </params>
          <reporter-output>
          </reporter-output>
        </test-method> <!-- startApp -->
        <test-method signature="firstTest()[pri:0, instance:com.web.test.testcases.GetBrowserValFromSysEnv2@6cdba6dc]" started-at="2024-03-31T14:50:52Z" name="firstTest" finished-at="2024-03-31T14:50:53Z" duration-ms="394" status="PASS">
          <reporter-output>
          </reporter-output>
        </test-method> <!-- firstTest -->
        <test-method is-config="true" signature="captureScreenshot(org.testng.ITestResult)[pri:0, instance:com.web.test.testcases.GetBrowserValFromSysEnv2@6cdba6dc]" started-at="2024-03-31T14:50:53Z" name="captureScreenshot" finished-at="2024-03-31T14:50:54Z" duration-ms="884" status="PASS">
          <params>
            <param index="0">
              <value>
                <![CDATA[[TestResult name=firstTest status=SUCCESS method=GetBrowserValFromSysEnv2.firstTest()[pri:0, instance:com.web.test.testcases.GetBrowserValFromSysEnv2@6cdba6dc] output={null}]]]>
              </value>
            </param>
          </params>
          <reporter-output>
          </reporter-output>
        </test-method> <!-- captureScreenshot -->
        <test-method is-config="true" signature="quitBrowser()[pri:0, instance:com.web.test.testcases.GetBrowserValFromSysEnv2@6cdba6dc]" started-at="2024-03-31T14:50:54Z" name="quitBrowser" finished-at="2024-03-31T14:50:55Z" duration-ms="1367" status="PASS">
          <reporter-output>
          </reporter-output>
        </test-method> <!-- quitBrowser -->
      </class> <!-- com.web.test.testcases.GetBrowserValFromSysEnv2 -->
    </test> <!-- Testone -->
  </suite> <!-- MyFirstSuite -->
</testng-results>
