<?xml version="1.0" encoding="UTF-8"?>
<testng-results ignored="0" total="1" passed="1" failed="0" skipped="0">
  <reporter-output>
  </reporter-output>
  <suite started-at="2024-04-01T10:29:17 PDT" name="Default suite" finished-at="2024-04-01T10:30:02 PDT" duration-ms="45113">
    <groups>
    </groups>
    <test started-at="2024-04-01T10:29:17 PDT" name="Default test" finished-at="2024-04-01T10:30:02 PDT" duration-ms="45113">
      <class name="com.web.test.testcases.MouseHover">
        <test-method signature="mouseHoverMethod()[pri:0, instance:com.web.test.testcases.MouseHover@3a44431a]" started-at="2024-04-01T10:29:17 PDT" name="mouseHoverMethod" finished-at="2024-04-01T10:30:02 PDT" duration-ms="45066" status="PASS">
          <reporter-output>
          </reporter-output>
        </test-method> <!-- mouseHoverMethod -->
      </class> <!-- com.web.test.testcases.MouseHover -->
    </test> <!-- Default test -->
  </suite> <!-- Default suite -->
</testng-results>
