<?xml version="1.0" encoding="UTF-8"?>
<!-- Generated by org.testng.reporters.JUnitXMLReporter -->
<testsuite ignored="1" hostname="Subodh-PC" failures="0" tests="1" name="Testone" time="18.014" errors="0" timestamp="31 Mar 2024 14:50:55 GMT">
  <testcase classname="com.web.test.testcases.GetBrowserValFromSysEnv2" name="firstTest" time="0.394"/>
  <testcase classname="com.web.test.testcases.GetBrowserValFromSysEnv" name="firstTest" time="0.0">
    <ignored/>
  </testcase> <!-- firstTest -->
</testsuite> <!-- Testone -->
