<?xml version="1.0" encoding="UTF-8"?>
<!-- Generated by org.testng.reporters.JUnitXMLReporter -->
<testsuite ignored="4" hostname="Subodh-PC" failures="0" tests="4" name="ContainsOnlyInclude_PriorityExecutionOrder" time="0.016" errors="0" timestamp="2024-03-27T19:12:51 PDT">
  <testcase classname="com.web.test.testcases.PriorityExecutionOrder" name="test3" time="0.0"/>
  <testcase classname="com.web.test.testcases.PriorityExecutionOrder" name="test2" time="0.0"/>
  <testcase classname="com.web.test.testcases.PriorityExecutionOrder" name="test7" time="0.0"/>
  <testcase classname="com.web.test.testcases.PriorityExecutionOrder" name="test8" time="0.0"/>
  <testcase classname="com.web.test.testcases.PriorityExecutionOrder" name="test1" time="0.0">
    <ignored/>
  </testcase> <!-- test1 -->
  <testcase classname="com.web.test.testcases.PriorityExecutionOrder" name="test6" time="0.0">
    <ignored/>
  </testcase> <!-- test6 -->
  <testcase classname="com.web.test.testcases.PriorityExecutionOrder" name="test5" time="0.0">
    <ignored/>
  </testcase> <!-- test5 -->
  <testcase classname="com.web.test.testcases.PriorityExecutionOrder" name="test4" time="0.0">
    <ignored/>
  </testcase> <!-- test4 -->
</testsuite> <!-- ContainsOnlyInclude_PriorityExecutionOrder -->
