<?xml version="1.0" encoding="UTF-8"?>
<!-- Generated by org.testng.reporters.JUnitXMLReporter -->
<testsuite ignored="0" hostname="Subodh-PC" failures="0" tests="6" name="PriorityExecutionOrderTest4" time="0.092" errors="0" timestamp="2024-03-27T08:28:30 PDT">
  <testcase classname="com.web.test.testcases.PriorityExecutionOrder" name="test5" time="0.011"/>
  <testcase classname="com.web.test.testcases.PriorityExecutionOrder" name="test3" time="0.0"/>
  <testcase classname="com.web.test.testcases.PriorityExecutionOrder" name="test1" time="0.0"/>
  <testcase classname="com.web.test.testcases.PriorityExecutionOrder" name="test6" time="0.0"/>
  <testcase classname="com.web.test.testcases.PriorityExecutionOrder" name="test2" time="0.016"/>
  <testcase classname="com.web.test.testcases.PriorityExecutionOrder" name="test4" time="0.0"/>
</testsuite> <!-- PriorityExecutionOrderTest4 -->
