<?xml version="1.0" encoding="UTF-8"?>
<!-- Generated by org.testng.reporters.JUnitXMLReporter -->
<testsuite ignored="0" hostname="Subodh-PC" failures="0" tests="8" name="ContainsIncludeExcludeEmpty_PriorityExecutionOrder" time="0.11" errors="0" timestamp="2024-03-27T19:12:51 PDT">
  <testcase classname="com.web.test.testcases.PriorityExecutionOrder" name="test5" time="0.0"/>
  <testcase classname="com.web.test.testcases.PriorityExecutionOrder" name="test3" time="0.0"/>
  <testcase classname="com.web.test.testcases.PriorityExecutionOrder" name="test1" time="0.015"/>
  <testcase classname="com.web.test.testcases.PriorityExecutionOrder" name="test6" time="0.0"/>
  <testcase classname="com.web.test.testcases.PriorityExecutionOrder" name="test2" time="0.0"/>
  <testcase classname="com.web.test.testcases.PriorityExecutionOrder" name="test4" time="0.002"/>
  <testcase classname="com.web.test.testcases.PriorityExecutionOrder" name="test7" time="0.001"/>
  <testcase classname="com.web.test.testcases.PriorityExecutionOrder" name="test8" time="0.001"/>
</testsuite> <!-- ContainsIncludeExcludeEmpty_PriorityExecutionOrder -->
